c:\users\k024g\onedrive\デスクトップ\2025\cg2\cg2\generated\obj\directxtex\debug\directxtex.pch
c:\users\k024g\onedrive\デスクトップ\2025\cg2\cg2\generated\obj\directxtex\debug\directxtex.pdb
c:\users\k024g\onedrive\デスクトップ\2025\cg2\cg2\generated\obj\directxtex\debug\directxtexutil.obj
c:\users\k024g\onedrive\デスクトップ\2025\cg2\cg2\generated\obj\directxtex\debug\directxtexwic.obj
c:\users\k024g\onedrive\デスクトップ\2025\cg2\cg2\generated\obj\directxtex\debug\directxtextga.obj
c:\users\k024g\onedrive\デスクトップ\2025\cg2\cg2\generated\obj\directxtex\debug\directxtexresize.obj
c:\users\k024g\onedrive\デスクトップ\2025\cg2\cg2\generated\obj\directxtex\debug\directxtexpmalpha.obj
c:\users\k024g\onedrive\デスクトップ\2025\cg2\cg2\generated\obj\directxtex\debug\directxtexnormalmaps.obj
c:\users\k024g\onedrive\デスクトップ\2025\cg2\cg2\generated\obj\directxtex\debug\directxtexmisc.obj
c:\users\k024g\onedrive\デスクトップ\2025\cg2\cg2\generated\obj\directxtex\debug\directxtexmipmaps.obj
c:\users\k024g\onedrive\デスクトップ\2025\cg2\cg2\generated\obj\directxtex\debug\directxteximage.obj
c:\users\k024g\onedrive\デスクトップ\2025\cg2\cg2\generated\obj\directxtex\debug\directxtexhdr.obj
c:\users\k024g\onedrive\デスクトップ\2025\cg2\cg2\generated\obj\directxtex\debug\directxtexfliprotate.obj
c:\users\k024g\onedrive\デスクトップ\2025\cg2\cg2\generated\obj\directxtex\debug\directxtexdds.obj
c:\users\k024g\onedrive\デスクトップ\2025\cg2\cg2\generated\obj\directxtex\debug\directxtexd3d11.obj
c:\users\k024g\onedrive\デスクトップ\2025\cg2\cg2\generated\obj\directxtex\debug\directxtexconvert.obj
c:\users\k024g\onedrive\デスクトップ\2025\cg2\cg2\generated\obj\directxtex\debug\directxtexcompressgpu.obj
c:\users\k024g\onedrive\デスクトップ\2025\cg2\cg2\generated\obj\directxtex\debug\directxtexcompress.obj
c:\users\k024g\onedrive\デスクトップ\2025\cg2\cg2\generated\obj\directxtex\debug\bcdirectcompute.obj
c:\users\k024g\onedrive\デスクトップ\2025\cg2\cg2\generated\obj\directxtex\debug\bc6hbc7.obj
c:\users\k024g\onedrive\デスクトップ\2025\cg2\cg2\generated\obj\directxtex\debug\bc4bc5.obj
c:\users\k024g\onedrive\デスクトップ\2025\cg2\cg2\generated\obj\directxtex\debug\bc.obj
c:\users\k024g\onedrive\デスクトップ\2025\cg2\cg2\generated\outputs\debug\directxtex.lib
c:\users\k024g\onedrive\デスクトップ\2025\cg2\cg2\project\..\generated\outputs\debug\directxtex.pdb
c:\users\k024g\onedrive\デスクトップ\2025\cg2\cg2\project\..\generated\obj\directxtex\debug\directxtex_desktop_2022.vcxproj.filelistabsolute.txt
c:\users\k024g\onedrive\デスクトップ\2025\cg2\cg2\generated\obj\directxtex\debug\directxtex.tlog\cl.command.1.tlog
c:\users\k024g\onedrive\デスクトップ\2025\cg2\cg2\generated\obj\directxtex\debug\directxtex.tlog\cl.items.tlog
c:\users\k024g\onedrive\デスクトップ\2025\cg2\cg2\generated\obj\directxtex\debug\directxtex.tlog\cl.read.1.tlog
c:\users\k024g\onedrive\デスクトップ\2025\cg2\cg2\generated\obj\directxtex\debug\directxtex.tlog\cl.write.1.tlog
c:\users\k024g\onedrive\デスクトップ\2025\cg2\cg2\generated\obj\directxtex\debug\directxtex.tlog\lib-link.read.1.tlog
c:\users\k024g\onedrive\デスクトップ\2025\cg2\cg2\generated\obj\directxtex\debug\directxtex.tlog\lib-link.write.1.tlog
c:\users\k024g\onedrive\デスクトップ\2025\cg2\cg2\generated\obj\directxtex\debug\directxtex.tlog\lib.command.1.tlog
