c:\users\k024g\onedrive\デスクトップ\2025\cg2\cg2\generated\obj\cg2\release\imgui_impl_dx12.obj
c:\users\k024g\onedrive\デスクトップ\2025\cg2\cg2\generated\obj\cg2\release\imgui_impl_win32.obj
c:\users\k024g\onedrive\デスクトップ\2025\cg2\cg2\generated\obj\cg2\release\imgui_widgets.obj
c:\users\k024g\onedrive\デスクトップ\2025\cg2\cg2\generated\obj\cg2\release\imgui_draw.obj
c:\users\k024g\onedrive\デスクトップ\2025\cg2\cg2\generated\obj\cg2\release\imgui_tables.obj
c:\users\k024g\onedrive\デスクトップ\2025\cg2\cg2\generated\obj\cg2\release\imgui_demo.obj
c:\users\k024g\onedrive\デスクトップ\2025\cg2\cg2\generated\obj\cg2\release\imgui.obj
c:\users\k024g\onedrive\デスクトップ\2025\cg2\cg2\generated\obj\cg2\release\main.obj
c:\users\k024g\onedrive\デスクトップ\2025\cg2\cg2\generated\obj\cg2\release\vc143.pdb
c:\users\k024g\onedrive\デスクトップ\2025\cg2\cg2\generated\outputs\release\cg2.exe
c:\users\k024g\onedrive\デスクトップ\2025\cg2\cg2\generated\outputs\release\cg2.pdb
c:\users\k024g\onedrive\デスクトップ\2025\cg2\cg2\generated\obj\cg2\release\cg2.ipdb
c:\users\k024g\onedrive\デスクトップ\2025\cg2\cg2\generated\obj\cg2\release\cg2.iobj
c:\users\k024g\onedrive\デスクトップ\2025\cg2\cg2\project\..\generated\outputs\release\cg2.pdb
c:\users\k024g\onedrive\デスクトップ\2025\cg2\cg2\project\..\generated\obj\cg2\release\cg2.vcxproj.filelistabsolute.txt
c:\users\k024g\onedrive\デスクトップ\2025\cg2\cg2\generated\obj\cg2\release\cg2.tlog\cl.10544.write.1.tlog
c:\users\k024g\onedrive\デスクトップ\2025\cg2\cg2\generated\obj\cg2\release\cg2.tlog\cl.command.1.tlog
c:\users\k024g\onedrive\デスクトップ\2025\cg2\cg2\generated\obj\cg2\release\cg2.tlog\cl.items.tlog
c:\users\k024g\onedrive\デスクトップ\2025\cg2\cg2\generated\obj\cg2\release\cg2.tlog\cl.read.1.tlog
c:\users\k024g\onedrive\デスクトップ\2025\cg2\cg2\generated\obj\cg2\release\cg2.tlog\link.command.1.tlog
c:\users\k024g\onedrive\デスクトップ\2025\cg2\cg2\generated\obj\cg2\release\cg2.tlog\link.read.1.tlog
c:\users\k024g\onedrive\デスクトップ\2025\cg2\cg2\generated\obj\cg2\release\cg2.tlog\link.secondary.1.tlog
c:\users\k024g\onedrive\デスクトップ\2025\cg2\cg2\generated\obj\cg2\release\cg2.tlog\link.write.1.tlog
