c:\users\k024g\onedrive\デスクトップ\2025\cg2\cg2\generated\obj\cg2\debug\imgui_tables.obj
c:\users\k024g\onedrive\デスクトップ\2025\cg2\cg2\generated\obj\cg2\debug\imgui_draw.obj
c:\users\k024g\onedrive\デスクトップ\2025\cg2\cg2\generated\obj\cg2\debug\main.obj
c:\users\k024g\onedrive\デスクトップ\2025\cg2\cg2\generated\obj\cg2\debug\imgui_impl_dx12.obj
c:\users\k024g\onedrive\デスクトップ\2025\cg2\cg2\generated\obj\cg2\debug\imgui_demo.obj
c:\users\k024g\onedrive\デスクトップ\2025\cg2\cg2\generated\obj\cg2\debug\imgui_widgets.obj
c:\users\k024g\onedrive\デスクトップ\2025\cg2\cg2\generated\obj\cg2\debug\imgui_impl_win32.obj
c:\users\k024g\onedrive\デスクトップ\2025\cg2\cg2\generated\obj\cg2\debug\imgui.obj
c:\users\k024g\onedrive\デスクトップ\2025\cg2\cg2\generated\obj\cg2\debug\vc143.pdb
c:\users\k024g\onedrive\デスクトップ\2025\cg2\cg2\generated\outputs\debug\cg2.exe
c:\users\k024g\onedrive\デスクトップ\2025\cg2\cg2\generated\outputs\debug\cg2.pdb
c:\users\k024g\onedrive\デスクトップ\2025\cg2\cg2\generated\obj\cg2\debug\cg2.ilk
c:\users\k024g\onedrive\デスクトップ\2025\cg2\cg2\generated\obj\cg2\debug\vc143.idb
c:\users\k024g\onedrive\デスクトップ\2025\cg2\cg2\project\..\generated\outputs\debug\cg2.pdb
c:\users\k024g\onedrive\デスクトップ\2025\cg2\cg2\project\..\generated\obj\cg2\debug\cg2.vcxproj.filelistabsolute.txt
c:\users\k024g\onedrive\デスクトップ\2025\cg2\cg2\generated\obj\cg2\debug\cg2.tlog\cl.15068.write.1.tlog
c:\users\k024g\onedrive\デスクトップ\2025\cg2\cg2\generated\obj\cg2\debug\cg2.tlog\cl.command.1.tlog
c:\users\k024g\onedrive\デスクトップ\2025\cg2\cg2\generated\obj\cg2\debug\cg2.tlog\cl.items.tlog
c:\users\k024g\onedrive\デスクトップ\2025\cg2\cg2\generated\obj\cg2\debug\cg2.tlog\cl.read.1.tlog
c:\users\k024g\onedrive\デスクトップ\2025\cg2\cg2\generated\obj\cg2\debug\cg2.tlog\link.command.1.tlog
c:\users\k024g\onedrive\デスクトップ\2025\cg2\cg2\generated\obj\cg2\debug\cg2.tlog\link.read.1.tlog
c:\users\k024g\onedrive\デスクトップ\2025\cg2\cg2\generated\obj\cg2\debug\cg2.tlog\link.secondary.1.tlog
c:\users\k024g\onedrive\デスクトップ\2025\cg2\cg2\generated\obj\cg2\debug\cg2.tlog\link.write.1.tlog
